[RUN #0 5 10]
299 425 829 -535 -214
135 -310 -891 753 -790
-10 -736 -913 438 -176
63 441 -901 -118 247
505 -336 -556 -492 525
-924 250 -835 -387 546
530 39 -876 344 -277
-851 648 -166 268 608
184 -190 -890 -355 -277
-361 -803 -121 -676 -744
[RUN #1 3 10]
692 202 403
-438 -737 -421
587 220 690
-744 -783 933
785 146 47
580 -220 972
-636 688 105
809 -606 -301
182 483 -238
466 -817 232
[RUN #2 3 100]
891 686 88
-524 -764 -958
-829 -368 -27
857 207 919
-847 145 -437
580 522 -119
-952 906 538
-693 779 775
-719 -892 -474
313 -537 -704
-211 841 -441
-647 -640 753
824 991 502
442 345 -763
-770 -705 402
361 -811 909
560 -694 427
-580 924 825
-535 -187 -471
570 -828 331
-629 436 -506
-328 -292 299
-815 -736 631
-156 416 -461
-913 257 -307
405 578 -814
-249 -39 -559
-948 400 774
-327 916 -179
-461 -111 153
-972 -583 195
179 -354 -113
95 -491 400
-362 38 -420
799 315 874
15 -409 340
-63 -786 -746
230 977 656
-625 -870 -306
-72 -89 -932
-501 -696 166
910 106 103
-577 323 -26
-900 191 -426
-535 776 -546
982 -973 -629
175 -965 -921
-644 783 -464
85 893 -778
350 -622 771
-274 -472 -315
616 696 844
-311 962 940
998 -705 -103
-443 452 779
-207 -933 -658
102 -507 -354
262 13 138
681 248 998
531 -164 -739
739 -289 651
172 462 -854
721 386 -536
203 -973 -389
136 617 -645
-742 106 224
67 -576 -988
-68 -832 420
-383 253 35
284 403 -71
952 286 256
295 392 -884
853 329 -229
-487 -404 824
-272 763 -658
319 -777 -739
497 483 309
-619 -272 778
891 -343 231
85 760 507
-926 -877 -274
-214 -822 632
784 618 -110
474 962 167
157 813 -277
845 627 -611
-51 -782 965
-980 999 -229
-731 422 539
-998 179 -31
-829 794 -741
878 446 909
-735 597 994
411 -926 244
-396 46 972
853 -746 235
68 108 -252
270 -468 -876
683 -421 308
929 -996 -48
[RUN #3 5 100]
491 272 -562 -201 9
342 658 853 -778 827
767 -628 -276 838 151
-913 176 -845 -353 -122
362 -585 -562 43 -242
272 -870 878 -568 -448
-806 -599 -408 -434 13
64 501 -18 -537 58
-336 -515 436 -995 145
-826 -749 758 -265 325
698 -206 585 802 989
-675 -854 -215 958 -436
422 397 971 -700 -420
209 -624 816 581 264
702 -442 -396 -890 -889
-917 -483 -699 463 131
578 530 25 716 574
-767 195 -327 -574 -822
872 92 932 301 -426
-521 -460 -97 698 -778
818 -618 -884 -450 -294
-304 -301 -685 836 989
211 -926 -599 875 -663
110 988 511 -627 -135
-121 980 25 -26 857
88 762 685 -530 255
234 -341 -61 82 -579
-316 -734 111 -64 -378
-542 -396 572 -963 75
-177 415 662 -908 -286
-442 -688 740 147 -602
905 419 65 -226 27
692 -523 481 -366 341
145 -834 -392 42 -330
432 -131 209 834 820
649 -317 543 75 567
480 332 -174 758 -647
630 -502 304 336 814
-251 -495 -322 102 -330
-946 104 -346 978 -448
56 -540 -102 422 -731
-798 685 912 -103 482
-393 509 -939 312 874
727 -466 -652 360 -334
698 -709 342 241 547
-162 -447 -221 -825 406
604 494 429 -628 -836
128 730 -998 687 -886
28 -971 -794 587 495
167 -622 -280 -762 552
992 815 549 -238 92
-760 686 405 -665 -744
-420 -905 366 -633 90
-12 -318 255 -494 -416
510 216 983 -33 -583
-590 -570 -100 573 -166
618 879 507 862 -481
904 860 567 545 -773
-695 -575 685 684 -847
-438 -277 781 -62 405
338 -696 951 -704 -489
536 -297 -158 -872 154
908 93 963 -106 34
-394 455 572 675 972
-191 466 -380 -944 251
-726 8 927 -465 331
-170 -260 443 -201 -189
-21 -411 159 -322 898
-825 -98 342 -675 -532
718 339 -483 -389 -63
627 781 758 549 752
987 -773 -518 273 -172
-868 -835 -165 144 -123
-268 -103 -330 253 -294
384 -832 -558 671 -191
-739 -444 63 316 -328
-6 -925 494 -962 -616
931 78 -555 70 349
-70 729 -637 -584 552
564 -455 62 977 893
230 -99 -89 -812 -708
-640 -867 171 80 746
-909 -263 -298 -598 181
-31 -861 99 621 -775
286 -417 749 28 781
-91 -67 -500 923 807
874 -895 -198 948 -986
-299 797 82 -886 -301
-402 894 -650 395 -985
827 848 652 -428 289
693 -960 759 -71 -257
889 367 16 989 -333
593 -820 724 -646 410
-76 -352 763 -193 150
-445 67 941 -117 73
353 -889 -386 903 -582
996 523 -534 -615 692
176 -449 830 -32 185
-380 -919 -775 726 300
811 779 -881 -736 -591
[RUN #4 100 100]
-599 -573 -851 171 179 -102 338 -908 733 371 271 714 288 -986 -467 934 -227 -632 578 829 636 -142 -597 248 -538 -854 -967 -767 572 -136 118 -972 97 703 285 -683 661 524 -889 -748 -993 -215 21 277 981 -745 -382 785 -150 543 704 82 651 89 -233 174 286 844 -836 -565 202 -18 555 -460 -42 -888 -849 958 -528 -689 306 40 -572 740 763 -388 -73 402 -600 198 12 30 127 974 -435 -22 583 -660 -249 382 -191 960 -834 -368 -439 -733 160 -262 -710 -756
389 105 -617 -968 -764 -419 822 -625 -488 -103 -387 -641 -414 915 207 755 549 -508 361 -20 -106 97 25 891 -628 388 -188 -184 -667 998 900 -774 -691 -581 -25 514 -244 -862 -65 -136 731 868 60 -80 950 165 15 737 -832 -738 -642 -578 -557 -535 -492 250 379 933 -505 859 -938 -480 -768 -312 -571 315 354 -86 16 121 908 589 -249 886 -286 275 -573 -235 -493 -672 -971 -998 702 -55 606 -936 -171 -807 -192 72 -727 159 176 892 -489 -728 219 615 543 -681
-265 227 -495 -242 408 -943 830 -318 -187 -306 114 72 407 -417 452 603 -488 -704 826 -303 617 765 467 351 -580 -217 749 560 -713 -647 489 -738 685 -475 429 862 -154 -542 842 -314 -470 254 -748 -562 703 -505 828 861 -547 672 -881 506 -226 -161 791 -150 -390 326 853 221 185 -794 332 882 -52 -173 -370 817 89 -75 346 -586 306 -824 314 543 -682 -274 871 239 958 781 -99 -69 -227 -634 352 990 981 462 -211 879 849 -243 995 -297 298 497 -629 90
-705 -123 -976 -292 539 -65 505 -789 -510 -772 402 -582 -644 801 692 -493 -543 489 -812 -450 -385 483 -750 -621 308 -379 -764 139 589 504 -692 -723 -653 150 -349 128 -478 407 -25 708 -908 -495 696 -561 544 891 495 243 573 -777 -874 323 -523 -492 -412 -79 966 -938 940 832 200 -623 -969 -902 409 -843 734 944 -816 -319 901 -924 781 -532 -569 648 299 -464 207 864 -638 -435 756 -886 -610 593 802 -718 851 -13 -634 -618 -467 425 267 740 657 -571 786 431
-132 484 -295 -619 -763 -373 50 75 928 944 604 -608 355 615 372 -270 -86 -796 487 505 884 296 -288 614 649 -952 777 -974 84 -345 -305 133 -412 329 90 -510 -223 822 564 -838 79 -710 -623 -41 708 901 -225 -850 -567 -542 686 -217 193 -811 -442 998 586 588 -729 423 250 -999 381 -756 -652 -713 -480 -617 -956 222 -7 455 3 -149 312 -721 -812 -148 507 -835 -128 -749 -706 -762 -313 371 206 -502 -750 409 -43 -564 -65 -296 667 697 652 419 -983 -289
-509 423 210 -932 -207 -539 673 382 280 292 488 640 -968 -488 900 310 -209 402 -455 477 424 -428 -508 43 686 -924 89 471 140 44 716 -943 -85 -269 499 575 626 -910 356 832 612 -190 -781 -764 -572 -83 -687 -107 574 -956 167 430 -869 114 -80 -375 -586 747 205 -962 963 -77 615 -801 -102 -343 -535 554 -920 -353 435 -664 -191 253 -606 15 727 912 -859 979 -678 -415 -338 -500 118 -698 799 653 283 416 425 443 858 715 -902 -996 -172 587 -12 -127
842 -270 161 -936 657 588 -148 606 48 898 314 275 -734 859 828 91 60 -57 -496 992 -953 693 -717 -271 -471 -905 263 565 -432 368 788 943 425 -46 -703 350 -968 152 583 -329 307 -1 -845 -574 -367 466 -623 -280 -958 -974 -201 248 938 584 -161 -239 -242 931 -442 485 -560 -764 -686 -223 -318 472 817 880 -78 432 180 -276 -599 95 -411 -212 44 261 -776 -896 484 573 426 -429 959 52 -782 404 397 922 883 675 -301 -738 -757 -679 647 195 61 -549
-75 633 35 -79 785 -794 -821 792 924 27 -902 -455 -901 839 204 -658 -393 443 -874 -817 -947 73 584 -257 285 246 -25 889 481 -401 -993 -362 673 -711 -866 790 -497 13 -539 217 -223 469 706 646 39 -89 -152 -882 -412 994 160 -565 106 -57 966 918 940 134 491 153 111 -450 -712 -178 -824 -719 -703 -265 -779 -985 968 -208 -102 -508 978 -706 -259 614 470 -262 -269 270 -14 -194 -182 -540 -288 942 -761 48 343 927 118 957 -666 -875 818 -760 -304 -885
261 -751 118 -169 -660 865 -173 -7 165 187 520 -108 -396 833 -131 -94 949 -306 756 -729 475 329 773 402 832 -962 -362 -107 52 -273 279 -9 768 27 -17 -972 -815 -589 549 -888 -946 -992 -770 122 271 -642 -399 263 -993 11 -874 -636 -414 782 570 481 451 145 -694 -880 61 -720 -951 -872 -635 -895 -695 789 -447 -134 749 -297 412 -178 -684 243 254 392 700 802 242 -277 -152 -252 -293 -664 489 -375 619 -586 534 164 397 -479 933 -705 -380 517 -76 182
-716 636 -744 581 12 300 -209 -170 -237 235 956 -432 197 808 -336 -706 -722 -403 368 -44 -346 -627 -141 530 708 701 345 -42 -423 -337 -672 -66 591 -649 770 -748 -895 104 767 800 620 471 859 -413 -602 -538 571 -642 473 807 -438 -710 -23 839 -989 -619 139 224 588 -707 679 141 -608 -522 575 -865 993 289 346 -55 532 -323 -117 -294 638 -515 533 683 -268 931 -118 900 880 935 924 -763 97 5 370 18 120 526 -996 452 -893 598 -645 -622 831 -917
340 263 -724 -773 579 824 348 513 -887 902 750 815 932 -215 489 738 -707 470 -553 875 -782 -603 -188 423 -598 -313 965 318 -651 -982 -731 -577 -32 -185 -663 286 -656 434 199 945 -854 -338 -580 779 -867 -423 957 -809 -452 -104 -337 229 641 -767 412 -343 627 521 -902 871 327 247 165 -359 -876 -143 194 -518 -915 142 775 693 -862 567 -242 -879 584 -392 122 -259 -465 -589 -698 89 20 -141 587 330 -631 -930 744 -592 -454 -898 -131 -644 -516 -98 -18 605
-847 -522 -428 -383 -670 889 698 467 -123 504 31 -341 120 152 -358 312 -806 974 856 502 205 -606 -742 395 -314 -631 387 296 -386 228 481 -44 -752 -411 -777 640 -175 160 -860 667 374 -688 39 -377 121 -927 -586 755 83 344 235 348 762 524 -528 540 -460 -824 143 631 673 -52 451 9 20 109 249 -560 -19 40 -719 -556 -20 -468 836 193 -768 -895 815 -582 73 -677 521 114 795 270 -234 925 100 770 258 543 -925 454 688 232 214 196 81 -338
-470 47 -854 -475 17 950 -796 354 -181 -718 885 28 -261 -936 -114 995 123 -421 577 783 -73 -242 -905 -784 -762 -804 586 -688 -192 -971 203 79 -68 602 927 -324 423 598 -668 260 -771 535 587 156 893 -256 -654 149 390 -992 -225 253 739 375 97 -157 588 -61 550 -184 -504 672 -431 918 -745 817 -819 671 164 -14 -652 363 -332 -247 -451 805 -108 980 -13 358 -167 -723 -101 -574 -964 -71 50 -554 -173 -735 -592 -398 -958 -813 295 35 659 -665 -679 521
-35 -789 427 608 116 -935 11 340 -581 590 -811 -121 -244 -211 -277 -904 -104 663 -126 -221 -89 581 963 -523 -177 -926 422 -964 306 408 -996 -961 -529 -741 -817 478 -26 -102 -257 893 -443 900 973 -640 559 155 78 -979 132 158 843 -427 279 222 -612 -878 957 -611 -459 852 -75 124 368 510 154 356 -862 147 -870 -410 -885 339 118 465 376 -368 242 -941 -344 -608 -882 -4 272 -761 596 -494 -125 89 -364 374 -864 -559 352 747 851 -16 -95 5 592 860
683 591 -86 15 -55 539 629 -172 -512 -905 -188 -241 13 4 57 -213 17 -672 497 899 -846 455 -849 150 -66 687 558 359 258 62 857 836 -147 896 315 -874 316 775 722 421 -776 466 -21 -795 802 432 99 -331 -339 -934 -786 -825 334 604 -342 961 -610 -917 693 287 90 -898 -306 895 607 -800 838 167 661 489 362 -813 389 -197 -309 991 301 -26 -780 124 499 -346 -764 -511 805 880 -699 890 -857 134 -542 370 216 -214 680 436 -523 875 -746 -888
210 -389 -102 -610 -758 -174 -924 -380 186 -1000 31 -238 752 484 242 -93 413 -904 -53 -668 -464 317 -516 -268 662 -211 -877 156 -922 966 -457 211 -557 780 151 -672 769 -829 581 363 915 -323 577 -536 -570 919 -328 -96 -764 789 -432 27 884 -139 -783 326 693 225 -628 104 552 -230 745 187 -36 159 168 800 560 -851 926 21 -121 -75 -730 -277 -59 -580 22 300 -253 324 -493 793 345 946 760 -50 -814 652 -963 -199 -342 562 931 -566 -407 70 746 831
-904 32 -149 -568 152 349 -19 -841 -418 -420 -865 -398 305 -933 -911 -45 -70 820 951 -139 947 -613 464 651 -718 924 191 -565 -108 44 533 -391 -639 -952 236 -584 526 -363 -877 -751 -919 -347 -618 -961 815 176 -938 -499 -228 332 216 -664 -26 964 -83 878 5 -647 769 -878 413 941 -239 -259 -724 498 -593 121 -651 155 -527 -210 172 -633 -801 -105 -740 628 821 798 -201 201 836 576 518 770 644 752 228 575 -558 223 98 -372 762 -281 -636 -448 -282 957
-439 674 -437 -891 -476 -473 -942 401 -993 345 -659 105 570 219 -520 -433 -681 -69 -234 19 -401 -925 85 -645 9 939 -112 437 -649 711 -735 -599 555 610 803 242 572 -264 -243 -766 768 -148 -453 -95 -362 641 -581 208 -706 659 495 -446 -650 -428 180 -251 788 3 160 -460 -983 347 499 -386 517 189 325 -13 -347 307 971 553 -731 -784 -817 -894 -51 314 233 215 82 -491 681 40 537 -803 -195 392 760 901 763 980 -354 -727 -963 -422 283 -602 454 183
-856 -65 877 154 -23 -781 441 757 -599 515 -204 528 -702 706 332 829 723 881 -656 779 204 -810 -958 648 252 696 -777 494 516 520 935 -641 -29 399 -931 924 -448 -44 -830 -917 -78 -959 -716 431 -421 -383 578 583 -133 -241 -822 -542 -180 341 -403 465 -302 -515 151 611 -425 450 522 462 -60 222 -272 908 139 -151 -308 -225 896 -764 845 801 211 -343 483 686 -377 772 98 866 699 -276 977 748 -447 -3 -237 617 722 906 658 991 -806 10 -640 -429
-873 -171 905 -313 643 331 -99 -223 811 -243 -819 713 -568 -372 942 -747 639 -877 803 809 125 -51 -706 105 583 -273 712 -470 -883 -58 -334 -331 245 309 128 -839 51 12 749 -368 -744 -219 806 -177 -250 -405 53 -201 181 -657 -557 -922 766 -29 -411 -225 417 79 -904 -516 -220 -343 827 452 577 -412 -174 487 -497 907 971 492 654 334 -772 5 347 -238 -492 -974 636 292 -788 760 -700 264 -930 -571 -229 -457 402 -475 -678 129 -920 703 494 -938 -807 -207
-400 462 -61 -996 -26 -601 510 -668 276 -964 -523 -738 -322 771 -58 -447 -938 914 -49 604 490 304 513 568 384 -100 173 325 461 416 957 685 -881 -129 487 772 263 -747 -143 841 591 -122 523 -48 410 54 255 -68 -645 715 -866 25 222 -327 507 -832 -991 734 956 655 892 -427 -965 301 -969 552 -522 -472 707 -562 481 -325 496 -50 607 -648 -466 -147 139 -477 650 147 -921 691 649 -546 433 514 372 -696 -118 -37 -326 -449 74 213 188 972 599 242
-102 -525 -410 418 641 -953 -590 -737 706 -703 -499 328 13 745 955 537 -432 -178 532 -892 -886 556 37 332 242 249 9 724 67 -878 -288 -183 -379 -730 -127 -439 -219 -725 539 62 15 -706 931 -341 -221 136 -765 -364 535 -786 198 172 432 743 877 -365 692 87 77 -359 -735 -426 975 -430 -100 23 -372 225 -591 -852 942 655 989 -950 -902 -52 -193 -846 448 75 336 355 -533 826 -924 191 104 694 830 -274 914 940 7 -12 293 -799 -350 4 546 444
-119 696 410 143 -836 84 -815 438 931 -155 -433 -789 -779 518 672 -841 385 736 893 -272 86 -20 -410 -610 -710 -614 946 -62 865 892 248 701 -213 421 67 867 204 616 844 -400 561 528 951 980 96 536 194 -425 56 -643 -835 -457 -51 -501 296 433 338 -945 147 45 725 -109 -444 -22 -776 472 246 -278 372 366 201 -539 -747 -282 756 -509 251 181 959 933 -655 -219 -959 389 -629 -52 741 911 -907 312 646 114 -751 -682 436 923 -803 -601 330 440
603 -754 579 373 902 -841 995 153 -246 302 -107 -943 766 -767 -346 336 -970 909 -47 -556 -408 -50 755 -884 -790 -896 43 -159 835 -640 423 62 -64 626 -742 180 779 2 341 -485 -490 -600 -192 -826 489 820 857 -511 -473 563 227 -570 421 -678 -222 -21 974 12 885 -117 270 233 -761 -238 -913 -542 -404 889 -208 -582 120 374 -978 131 -403 641 66 202 -354 805 -410 318 911 240 375 508 -234 35 -509 177 -709 48 -597 -492 237 -179 625 -931 581 -144
-550 -407 -450 -562 -370 -211 969 -723 667 911 513 -536 856 632 -861 -876 -244 968 -9 149 -133 358 -871 -319 -594 -589 -414 228 -330 232 738 111 -55 736 -739 -41 473 740 -166 -214 -377 780 991 -60 -652 464 -2 -362 50 490 560 -220 -969 583 -232 -23 -977 -559 -933 533 329 384 112 194 -26 -434 -437 707 -328 -985 -527 -718 -223 210 762 -680 -141 106 -275 -717 136 275 515 -793 -845 906 697 -66 -391 785 450 -725 -709 -381 548 936 -335 -327 883 814
570 764 -700 977 907 -41 197 795 767 448 -566 205 924 627 941 199 -171 -581 -789 136 -74 -28 662 48 -262 -140 799 546 -467 -65 145 -869 -925 272 -464 862 432 968 -907 539 -513 780 233 309 -240 -688 -208 -160 983 872 -58 658 -868 788 -322 181 -110 22 -354 212 951 367 52 479 -568 7 -518 62 -959 -442 -746 786 902 -750 -187 -334 -710 -982 910 -830 301 927 -63 -337 -151 148 -848 -995 443 -492 409 18 -416 937 -348 -175 106 497 683 -809
-346 497 748 -14 138 484 846 91 -175 832 -567 368 -173 243 -160 -489 754 -657 132 -154 699 -916 115 645 257 152 -696 -927 -638 297 575 -2 -425 852 206 -252 880 -832 207 -88 627 -341 293 -75 866 897 215 74 -271 -706 -525 701 753 -381 53 932 -13 961 404 600 -101 -569 613 -277 59 -547 -34 279 -875 146 -188 -517 358 -419 45 -261 210 268 -717 2 -26 678 766 203 -519 -722 -707 80 -699 -491 365 968 972 -241 661 -429 465 54 -421 528
514 601 -950 57 -120 -802 -514 756 911 -457 -864 -99 -572 125 -765 -89 230 -943 -559 418 -44 212 461 274 -83 -786 -879 900 -558 383 -690 984 22 -175 254 700 119 -466 293 644 -349 -526 963 534 623 231 -184 -437 -887 -529 -783 -300 950 -50 -450 -381 -199 720 793 -852 -235 -465 689 154 -916 831 142 224 -174 710 61 -288 -633 -338 812 -91 -247 871 -589 -61 -665 -694 734 -273 835 -353 -848 540 707 -640 379 -347 69 -995 792 116 -868 369 958 858
-884 -17 415 387 138 -459 -484 790 -69 -500 -10 914 394 918 343 855 -378 538 248 -610 -961 313 943 338 -637 768 -430 -134 847 661 798 782 268 -427 844 -61 135 -919 696 -371 -375 93 -490 -556 -998 -417 909 440 867 -395 -321 -752 -753 544 728 110 192 334 -972 -520 -552 -498 919 525 -24 318 237 -184 574 -295 276 162 -181 -870 -364 -120 -712 -507 -741 648 -385 -523 -626 -537 -79 29 203 -524 -379 632 -243 424 -186 413 439 -814 -647 -98 452 -261
-432 566 665 379 961 806 337 -492 779 532 971 -810 -210 244 377 -205 756 728 433 -5 -331 15 -603 859 403 -687 -362 211 -112 367 936 -463 744 587 777 -139 975 -41 -562 506 301 -651 210 168 104 -842 304 -590 414 90 -653 318 471 -47 -984 222 992 289 255 213 491 -926 -235 -549 390 -46 -819 -564 -550 -920 606 -806 502 328 8 112 -270 -801 -566 -795 364 254 -739 392 -678 790 941 105 -55 -261 421 410 862 596 -291 -372 327 -680 185 -472
767 935 -764 631 -284 611 -258 638 -344 96 -484 759 235 700 -99 389 519 -372 -406 928 -845 432 730 -653 913 513 839 452 -711 477 709 314 -582 -855 -974 257 -239 908 540 -995 991 -286 438 -179 471 775 -682 -866 282 722 543 488 -656 580 -620 -659 -782 886 -145 -396 -52 -856 384 145 840 -321 -423 -795 120 -261 274 -936 782 -159 -169 -718 -243 -850 -662 -630 766 460 -972 -919 903 423 -926 836 744 -574 -95 72 910 757 802 -746 100 2 -933 944
912 24 -541 244 -907 644 -19 946 302 -797 -196 -866 -847 -898 -816 421 -291 -237 567 881 475 -514 981 -531 -218 419 484 -835 -419 307 -76 -743 -227 855 393 280 738 717 355 850 -918 46 -697 295 -619 -241 211 -903 279 26 -34 -475 -593 -4 822 -812 259 113 -622 433 -819 -416 299 564 473 194 -844 -61 951 65 785 151 187 770 218 483 -854 -818 -373 -611 853 971 -239 -909 -519 805 150 518 -587 584 530 306 228 20 285 -280 -455 -330 248 -116
904 -402 566 905 800 -916 -204 -569 388 939 340 -889 688 215 533 -789 140 -95 -537 621 -120 831 169 85 -828 525 -356 919 -345 -947 -74 -904 -61 998 -169 -521 467 173 596 852 -342 -446 -304 -289 17 413 144 -924 297 383 -940 -695 696 -397 289 532 -709 -823 -624 -783 230 678 374 73 422 -532 380 -649 424 441 333 541 290 861 -561 288 247 -161 554 -98 619 -765 450 -241 937 241 921 997 400 -901 471 -805 806 -898 -173 -863 -240 -750 589 315
965 996 -456 874 319 -320 289 -297 2 133 192 -266 -555 -256 189 -367 288 180 -509 -734 -794 -415 551 -799 -696 -201 -314 659 652 903 307 -797 -170 642 -986 -148 -59 768 -318 604 796 490 723 237 623 -523 -634 28 -313 159 631 4 995 -394 385 85 773 717 -653 693 268 -788 -233 123 142 -446 -620 360 -414 -687 -464 753 298 643 775 191 708 508 971 39 619 -996 386 -588 559 -988 -739 -419 425 8 -5 790 579 -267 -592 -710 930 -66 914 741
-995 743 539 -153 186 956 577 -251 -762 83 -427 -264 367 946 613 991 846 648 -116 67 52 707 -183 -197 610 251 -732 235 803 -70 337 -326 921 214 390 -934 939 -369 -352 -842 -160 -15 708 -987 434 -781 -860 -141 111 386 -257 320 -991 -465 4 283 -192 901 -822 -38 -365 -666 -42 572 242 -709 887 140 -625 -208 -418 -741 857 342 -174 241 -758 357 -558 -441 -524 -186 -210 130 182 562 -749 816 -36 916 221 -489 -823 -464 871 239 -989 -500 538 85
-754 -404 -720 -685 -120 694 942 -585 -146 -561 873 -292 -531 169 631 205 936 664 -533 -125 -997 -920 338 891 -676 -326 -330 223 -813 -279 576 -474 968 -885 -65 -130 -760 111 -653 -589 235 -840 -131 -858 -821 -427 506 -620 -939 318 -18 -504 259 -651 875 -394 -812 390 -357 -116 69 -989 -898 920 -602 211 -832 10 -631 685 -451 -808 -26 -919 -709 963 -305 -503 400 -37 -623 -627 -628 872 -763 -272 485 500 -940 -819 -634 600 304 663 -502 -700 -8 652 336 929
261 586 -715 -343 -305 -259 -702 702 881 -584 579 -115 378 -683 -638 -772 -615 -213 846 473 493 374 -626 594 -377 956 -398 917 79 -992 -908 -460 444 -354 -157 294 -982 350 199 -718 -966 460 -877 -928 975 -105 902 276 619 -544 464 84 -434 -575 -189 601 596 -153 733 -594 382 769 108 -74 177 446 506 47 -972 411 693 618 780 -73 -677 622 -553 -722 438 -519 13 132 120 893 214 624 385 -965 552 -380 597 -744 995 17 58 238 -956 -880 -366 497
-294 853 935 791 -830 -535 718 -946 200 361 -63 -936 47 531 -432 -277 943 738 493 243 -340 -815 -101 894 812 -849 -437 120 -977 -436 -723 -721 -756 296 -464 -276 -90 -161 899 -110 442 -256 -981 -706 775 170 634 512 -430 721 558 610 -300 -265 125 -59 259 781 -25 -263 432 -846 -424 -611 788 247 -97 -147 -233 341 56 -704 -118 292 344 387 -983 119 615 81 -780 295 -814 -426 -591 823 766 -582 920 617 -489 202 -680 498 575 -224 808 189 -808 394
170 660 923 -123 276 576 -640 -103 9 -351 121 615 -568 -852 -311 636 -706 132 -796 -671 -435 145 -782 211 766 -3 538 -996 502 -153 -287 -920 -822 342 460 93 712 299 974 248 865 -519 -189 -258 307 821 568 907 339 -544 176 163 963 415 794 -651 63 -298 -691 -333 -291 856 729 114 229 665 977 -609 311 264 763 42 361 -832 -466 379 628 16 -272 -352 251 -993 -962 214 452 142 -784 -395 -536 -254 396 -719 -818 998 646 525 -468 -186 932 528
-309 -319 540 957 367 -868 -116 -781 -335 -65 -282 -806 992 -326 -314 700 3 -280 364 433 -474 -372 -637 333 -339 -483 538 116 820 106 691 -389 468 935 56 -413 -464 -493 -203 245 360 722 -237 -297 -318 696 -599 -590 -428 916 524 921 479 -556 -302 -292 -839 -284 -21 505 -414 -950 934 419 61 436 -184 8 887 761 197 512 226 -420 775 994 656 -622 811 -388 -812 -40 -917 -216 767 289 -161 -887 -734 373 -803 800 184 355 -365 429 867 -976 231 -865
376 221 196 -9 951 -481 133 -123 -69 -479 -78 -634 225 206 -918 312 -547 961 39 -887 -956 -148 -740 -522 -221 327 199 308 758 378 222 311 -813 -321 -891 -242 515 -524 -392 552 -405 732 644 141 944 -562 -808 498 -335 13 685 -176 726 -968 -687 967 46 -810 744 -496 212 208 574 568 417 -67 -160 975 724 795 209 -825 -535 373 999 702 -455 979 -484 62 -498 -468 -906 643 514 227 899 -72 -100 -704 -580 625 -251 202 -300 -467 952 469 751 600
116 -996 87 -727 687 -638 111 -941 -216 543 982 799 -674 -633 -463 -699 -713 -945 653 198 -267 673 638 -115 -361 -678 817 859 -296 913 -64 491 674 -18 -152 11 263 139 739 575 -295 -898 822 234 122 644 -599 -57 -918 922 829 525 326 785 42 134 629 906 645 -814 -381 -9 -958 -757 -923 133 -608 707 -433 -260 -790 483 -498 335 813 -80 718 -436 407 -894 602 279 -554 635 590 -556 -525 90 -626 -84 219 -430 357 560 -625 -861 -657 586 -278 -888
-6 703 299 679 243 -567 -410 724 594 -449 330 -498 -17 -400 636 -709 601 -783 385 -342 -184 768 239 -650 -988 -315 -440 -223 -23 879 660 349 -191 -251 730 -427 822 -581 -60 69 -59 360 765 -144 -963 -900 281 365 132 -157 -944 -164 -13 339 -22 107 862 477 -442 566 -383 336 -691 753 -920 410 413 148 -869 -464 694 222 -724 98 -314 -525 774 -739 -93 288 191 -590 854 59 -951 357 -121 139 -293 867 772 134 -16 -228 125 428 329 -452 -483 45
3 -278 646 949 -982 -762 -815 -211 657 120 689 571 -527 -638 -809 -415 277 -190 -144 -821 57 -143 -218 269 -329 -795 132 -41 59 -117 260 -877 -27 -167 -996 318 900 255 -295 -403 267 -274 -730 -942 -338 -666 941 -53 -286 766 -358 -848 743 -416 -130 668 184 -261 -469 896 -282 -62 -155 -761 317 524 -929 853 -465 -843 -508 -70 883 888 138 419 673 -196 -548 207 691 472 813 -200 621 -372 -315 360 -238 707 -176 -894 101 683 584 838 38 213 -287 455
[RUN #5 500 100]
-697 856 251 -414 -195 -411 571 336 311 501 -937 649 953 -658 939 489 98 673 304 -607 -265 439 888 -598 129 -378 -89 -217 912 719 -190 -14 626 -11 867 148 -178 243 245 126 218 91 926 -542 41 270 -554 725 364 -967 859 295 607 -408 440 -798 417 -103 629 -450 -689 97 -468 82 515 886 751 679 919 -645 -406 -659 -343 845 -520 -957 -132 -537 54 -993 191 339 -50 -181 -110 322 704 730 250 3 -280 -559 -522 969 -615 -292 363 -418 620 644 38 695 657 934 -793 -349 143 -426 500 416 779 -286 572 577 -120 -910 999 236 -675 737 -165 252 -386 -179 -331 742 638 -13 286 -318 -820 -904 -870 -333 -586 182 -718 602 344 140 -976 -407 474 -842 907 -441 -888 377 -229 -727 471 -476 -356 -274 760 -826 963 -646 354 -355 349 -975 -699 -674 -829 528 123 321 878 -390 -783 -66 518 181 -780 274 566 -671 -392 -710 865 545 816 -991 655 728 -606 -393 -410 -225 340 -905 -931 86 -979 161 253 294 -867 -294 769 -16 -854 -249 -915 -642 942 -459 523 46 -206 614 335 -40 68 -133 197 53 -91 -317 -901 -866 -790 -104 -247 678 898 -686 -339 -779 -801 42 -419 -95 -767 902 651 535 -124 -360 592 365 662 954 815 -857 826 327 443 727 328 316 -804 857 824 882 325 11 992 -344 162 842 660 -203 -153 303 -425 229 476 -196 -527 -310 257 -743 -851 -180 706 201 1 -687 -719 -495 310 -654 -716 -818 -385 -186 69 794 -546 -444 -71 990 906 -853 740 964 -457 -947 459 184 -848 -927 -350 -958 111 -219 -583 194 707 766 -319 421 -690 -402 -403 718 -916 160 -49 -930 785 -295 -326 -5 647 -399 -678 -126 272 788 -484 611 876 164 240 -786 548 -511 130 817 319 35 -81 -173 808 -635 -879 -338 -311 -977 -882 -855 922 119 726 -621 222 -752 -23 837 833 -694 -504 -202 -673 156 -9 -970 -713 -436 102 -440 743 -796 613 634 466 202 -447 -714 575 -63 -725 -105 596 -883 -693 -467 -92 -505 598 -878 -194 -679 531 -595 -946 565 8 -956 449 -984 137 -609 -881 -681 -27 937 734 858 65 -423 529 558 -939 373 -90 437 210 495 17 -454 -275 293 152 -605 207 -988 -201 -688 -314 428 617 -647 -260 721 494 -430 -608 -989 39 -68 350 445 -342 128 393 608 924 219 581 722 557 -514 516 2 477 690 -141 -648 893 -315 -38 710 -772 -981 -932 165 -650 -405 829 790 378 -894 664 -269 -771 -996 178 25 75 -999 419 299 -573 307 -526 147 650 -896 189 264 698 -146 875 237 -632 506
673 -736 -519 996 434 514 447 655 -856 259 -377 831 -564 166 813 -221 943 -441 -219 770 -749 -434 -663 214 -517 -270 557 -615 954 -628 -484 -776 -202 374 707 -660 97 124 313 -818 -137 -866 307 -444 -793 53 -325 856 62 -372 294 157 -416 55 -194 754 -342 -98 951 39 -133 -929 -272 -750 593 -141 253 808 -242 823 960 -790 555 139 -467 -681 -12 549 -640 -485 -885 -370 -581 -346 745 -392 686 201 -49 519 -816 -784 -820 389 802 -83 -807 -203 -853 -334 -633 49 -164 935 998 758 -369 -245 -149 -813 -821 -4 240 -891 -900 -711 905 465 -488 462 -295 564 553 -589 -408 -365 48 -693 768 95 -617 -255 325 384 270 36 779 -701 472 579 329 120 -413 580 176 464 92 -26 847 -376 -213 -103 -122 99 -968 805 -329 -614 -741 29 529 -447 546 -780 286 -305 651 -154 -508 914 803 -537 242 -312 490 -698 -344 541 268 917 -809 -225 -423 341 404 435 257 332 -175 -60 -520 -100 45 -504 -582 570 -882 127 936 -731 -874 -321 445 4 -64 848 -379 148 -692 458 -971 -515 632 483 -222 203 -31 744 -571 -526 -632 -347 532 -438 415 100 -857 780 -862 -748 487 511 -167 -318 3 -832 196 -639 -876 973 -404 431 312 326 -196 656 577 361 -195 504 956 193 696 978 885 -201 285 456 -656 -646 251 -506 -626 -459 569 381 -559 -978 -127 338 507 -355 -533 556 -284 474 -52 717 730 -77 -453 -160 237 -766 282 -50 -652 -671 -738 269 699 -483 360 561 131 -608 -185 11 170 -706 -986 495 239 -268 -3 -653 -599 524 -159 598 -290 419 517 169 843 83 -600 -87 -274 -168 -756 -890 -997 -603 -702 96 -915 626 -966 595 -822 -987 920 89 759 -333 98 990 -289 347 -909 369 -17 526 -962 356 -635 937 681 -65 91 865 560 -35 -783 -732 -981 321 806 -426 376 -380 209 393 953 590 -32 -873 359 702 -760 615 -494 -218 -198 -719 -556 364 -521 617 -155 -410 -402 -557 211 -466 -781 958 -838 705 594 -763 -593 864 -972 -543 -179 78 -74 -546 -922 -436 -273 -91 574 -457 449 697 296 942 944 731 -108 153 786 281 402 -358 -858 140 -420 -867 183 -341 -496 -443 -411 -969 -80 -979 850 -181 559 -942 -684 -511 221 129 669 -985 -208 558 -102 790 -335 -366 -449 -437 670 324 337 930 -158 515 902 37 -930 276 643 -879 -299 -881 -206 428 -446 -669 -7 -316 -163 708 -555 -860 247 -44 -826 -323 223 425 -680 215 -139 330 819 397 963 811 664 25 692 -536 606 787 -306 173 126 186 -644 800 -563 -878
-683 27 426 892 -73 136 -45 206 760 -581 662 372 -867 -972 657 -193 -401 -706 16 -719 318 -510 -474 -760 -125 725 -779 985 -286 84 -514 536 -92 -477 -296 -497 274 -7 199 -592 815 918 679 -987 708 -418 208 -943 -230 -218 141 -113 213 -947 -922 -563 -251 514 -276 548 -785 -821 667 -187 185 553 -743 -635 489 645 -602 788 420 -977 -272 -74 -714 646 934 -924 552 810 342 -82 573 459 -391 859 -970 246 565 127 906 739 226 -455 -417 -314 983 -919 838 295 58 978 938 -638 -185 -678 783 -402 -991 -886 106 -192 848 -21 -150 891 -757 -436 -682 681 0 397 -595 803 254 678 549 -745 -529 432 350 -164 -642 734 -575 -872 189 -214 -484 -325 370 -756 -681 404 925 481 21 341 -318 -992 -541 -480 -927 -652 798 966 -712 435 -385 -954 -352 -186 -748 958 225 443 735 -782 322 506 38 282 73 -87 -816 -453 680 -734 -359 -877 -596 -287 -257 -982 653 406 -270 784 231 -587 436 387 -572 -720 -56 -957 961 463 561 130 987 -725 928 -567 555 -692 941 -127 -465 -330 -202 69 651 -941 -811 -771 191 665 -908 -437 873 -300 -20 -892 -345 -196 126 -123 931 -600 490 -366 570 349 76 -845 -262 669 914 343 952 398 17 -425 -646 -356 -761 615 806 -410 521 699 -419 -315 139 -226 654 -375 -203 403 956 998 -914 -878 -355 294 752 -684 -953 158 602 450 -680 -306 576 471 61 -395 134 -853 -443 192 -996 -99 682 50 437 -457 920 853 696 170 672 530 547 730 -43 55 -485 598 353 -519 260 608 14 749 -818 -551 771 -190 -772 -171 866 527 53 -245 146 392 830 28 728 -316 -268 -279 -26 -900 -124 -800 -851 385 -657 -964 -923 753 351 -351 -155 -948 -310 -336 428 824 947 -856 921 142 644 447 -458 -452 56 700 470 334 842 -13 -88 526 75 727 620 836 256 -221 -633 -569 809 -792 579 625 -893 105 -449 -554 -533 232 102 -157 -623 -319 -46 78 -653 -576 -79 933 -530 414 875 -47 332 825 5 -414 -874 -790 -116 -768 721 -405 980 -546 649 537 -926 157 107 -615 927 -711 -639 733 -49 -278 -826 -750 316 292 -224 -76 441 916 194 473 133 -158 -676 -472 310 373 59 -103 -904 10 125 -298 578 -217 -38 -517 808 -320 -179 -588 -884 884 -871 315 899 347 335 -115 -501 -746 20 583 -64 100 15 -60 -747 -367 457 43 -794 -77 775 -374 544 193 688 -672 -90 504 924 -752 -859 68 104 -574 -849 135 -323 -559 972 501 379 -354 -40 -327 -696 -28 -70 -704 736 -827 253 -205
-403 -2 -756 286 -778 -643 759 -532 47 734 -382 647 -509 977 -256 -697 188 -946 566 422 139 434 -86 660 -949 179 -61 -388 -89 -729 -974 62 336 95 -918 -404 -888 -354 727 89 -966 -644 -364 460 -483 -548 584 -411 404 -714 417 -90 -718 412 785 -721 746 842 -185 634 777 -399 -717 351 -740 170 -129 119 667 -537 -571 -283 -475 -348 -37 403 258 112 -702 833 -954 -17 563 224 -814 192 698 233 598 -56 589 750 -435 908 687 636 217 -703 270 -534 39 -725 824 -444 473 271 -731 935 -253 -597 390 648 365 472 845 415 -15 -699 -561 -175 -666 182 2 208 502 -323 486 -583 -554 -439 -356 133 -577 -874 525 -850 -113 -862 -603 -838 -665 583 33 207 -758 -320 -189 807 -772 -105 376 -572 -518 189 -422 21 -480 449 117 148 -876 -84 -953 -663 -967 -357 -238 653 -155 602 622 406 -179 -408 511 -417 -670 -22 650 458 -645 -77 -325 -230 710 474 -360 371 805 -924 -287 126 606 -358 -459 778 -698 -594 -396 282 764 48 125 147 478 -423 -146 9 657 905 -462 -779 -418 -135 -148 368 58 320 528 552 -307 643 -992 32 -363 818 -73 -340 -83 -434 -879 571 981 756 -763 880 -406 339 526 34 888 859 975 158 518 -424 -118 -250 253 884 849 -117 544 -59 -807 -921 135 577 -245 -114 825 430 -613 6 388 -128 79 943 -745 -881 -564 30 -556 -993 352 994 124 459 587 -813 237 -1000 246 -989 -952 581 -165 462 -324 718 678 19 456 -401 951 -632 964 475 359 -595 -706 -622 707 668 922 967 -858 -538 -607 -441 136 595 -510 111 333 -755 637 -414 -292 269 303 -872 198 921 -303 -676 451 497 -950 -975 789 35 803 -259 515 -215 -365 71 -197 -170 -115 263 542 484 649 -777 699 5 582 -747 140 685 -427 -579 121 431 -40 -753 -790 -815 599 -97 792 186 878 244 700 -486 463 -916 25 751 928 -798 681 783 910 664 -641 66 970 -436 -389 -74 143 -964 435 -939 510 252 -531 -617 199 774 988 -830 920 -442 -144 534 -209 726 866 -629 134 501 268 551 418 -709 689 658 398 141 554 490 -978 332 -426 532 -588 555 -315 254 -639 366 546 547 338 -908 -570 986 -797 314 226 330 -739 -277 -674 -857 861 608 -999 238 -562 -677 -242 -506 -425 656 -819 795 -515 461 959 -138 354 -65 272 572 -751 557 298 808 -381 -637 714 -300 -503 -156 -512 -260 -668 427 70 113 262 916 723 924 -127 -909 -321 812 29 -205 894 -925 -299 399 737 -353 776 -124 -39 -44 -317 -70 -199 131
182 598 395 757 -972 782 699 -928 -867 799 -712 663 479 15 -708 -209 384 -151 197 -315 739 713 256 -751 -931 -699 617 437 898 -181 147 -404 955 -962 -94 -277 238 329 679 -545 655 -902 541 303 324 -68 665 -325 417 316 399 -862 -218 835 -98 180 -526 -819 341 997 578 199 338 643 -186 725 235 -276 -956 -433 -608 618 433 -615 540 -54 -687 843 948 152 439 -612 -393 73 -12 -648 -232 158 902 -318 -697 208 -724 -380 -281 -584 -683 836 941 -476 386 -128 -9 970 -480 -594 17 -792 -610 -563 -216 -21 286 12 694 988 155 138 702 -32 752 -73 383 451 -124 582 -267 -679 740 547 -382 692 -254 269 -979 924 123 232 317 33 -829 -606 -41 499 863 377 79 -29 -986 -633 -950 -126 151 -212 861 113 840 -105 -22 -338 544 -470 -577 667 -203 -754 -825 -978 291 91 -270 -667 128 32 153 834 962 776 218 -765 -516 -386 101 273 770 -725 678 661 852 -445 -682 26 457 -125 593 987 573 213 -173 -135 -611 -576 -836 696 229 -752 -840 -635 -387 -787 542 -205 192 -493 245 -738 219 259 -63 -421 781 864 783 897 923 204 621 450 819 132 350 403 876 -283 -930 77 -522 -789 -637 -235 -367 443 735 993 818 354 905 989 -369 -713 270 500 -605 145 7 -116 -671 771 295 609 -101 -812 -494 109 -777 485 -148 164 -498 764 947 -447 -329 508 -729 -595 -310 -871 -456 837 -541 -884 -627 514 -906 365 -202 -95 -888 -876 406 833 -551 974 -816 708 -869 172 250 248 698 -938 -104 -677 -779 -194 -438 385 -758 -802 334 -866 -929 -85 242 562 19 649 342 497 314 795 482 -813 -746 979 -113 -926 332 -136 -763 659 -530 -237 86 -613 301 860 -791 604 -255 130 986 -904 -620 -843 285 744 117 807 -998 909 480 529 -723 -306 -556 310 264 -857 532 78 -735 693 -239 307 -659 -984 963 -976 808 -653 63 -536 -952 -141 -753 -487 934 -238 -449 35 -482 -552 68 -431 767 400 -36 85 278 -395 -935 -917 -914 -70 -625 36 995 -414 348 -921 87 -107 505 -768 -65 -824 -446 -538 712 -8 768 882 262 825 25 -932 539 -704 -458 -790 509 -955 210 831 -264 276 -234 -180 695 -650 246 -42 821 584 511 98 -654 801 -562 -755 -199 487 -880 688 -766 -618 -636 -523 -838 -314 766 119 -550 -695 -129 253 -743 569 653 -455 -250 -564 -206 -188 188 -535 589 -38 -248 -226 41 502 -760 -534 641 -4 -143 -532 252 -694 -850 258 168 493 185 -963 -801 628 131 -798 -326 -943 -2 -317 917 -833 -665 -79
-929 256 -663 -158 -338 280 -736 405 0 -962 -544 -92 448 -365 833 -518 754 -739 -937 292 76 -344 957 -601 113 -145 517 -28 -712 530 829 -771 -489 -123 804 296 201 -223 262 242 938 -753 817 -612 130 311 814 432 -285 -876 -475 724 994 403 781 35 -411 -341 586 202 913 -133 -318 -514 4 -825 279 290 -56 99 182 -996 -859 -477 253 -512 -782 -451 -757 447 345 263 -21 -664 731 854 -881 324 188 286 287 388 -60 -495 610 551 -843 232 343 248 681 -593 310 -941 -359 -345 -10 -902 476 -616 -117 -418 928 -407 824 -487 142 -609 -373 -999 -810 613 -319 -497 -138 48 206 137 -987 36 944 247 -840 -474 72 987 -339 -802 -984 925 -697 -330 323 -872 746 912 -643 303 145 890 -212 -478 -805 414 -598 -252 654 -370 -121 102 180 -980 891 599 163 -194 -59 896 -122 278 -250 -546 -298 -61 638 -950 843 -972 558 -222 -96 554 -32 397 252 193 336 -294 -501 68 -381 -917 -46 516 -729 -161 -85 -515 3 961 943 -675 -466 -109 949 -192 -841 -18 493 -452 -767 950 741 389 -654 851 837 -12 685 453 875 -326 -955 -748 -244 -355 -16 873 690 197 -765 915 -454 -438 153 -293 -619 973 11 657 648 -973 63 -434 670 -116 164 402 -167 -179 664 -36 -243 905 -845 -783 196 -932 361 -642 -264 -794 523 983 -480 -15 -993 -545 -608 -540 -772 -3 426 257 -313 603 -414 52 -792 -532 431 602 651 737 -89 576 -854 430 -901 357 845 773 -193 -58 825 601 -918 -853 -306 408 637 819 271 31 -530 62 -695 421 -457 454 -776 514 490 -823 -38 -392 -110 632 704 -850 -120 823 956 -693 -234 155 -151 -991 -908 976 -471 -146 261 639 -602 419 772 322 159 -607 372 284 887 977 709 390 -52 150 -303 583 469 316 -671 -873 -5 -889 831 836 19 103 391 -461 524 444 600 -964 -349 -107 -948 -696 22 -669 -936 659 435 295 756 953 -597 167 -442 450 -420 -72 684 -720 -770 134 -346 798 -462 926 581 984 -559 889 747 672 -967 -181 -531 -682 642 996 -553 -401 668 -684 -268 -206 349 66 -307 568 934 184 901 -976 -380 -238 -676 532 -572 641 -966 -678 -360 -895 378 806 -877 -290 -446 -304 -229 766 -119 331 -482 172 -436 -127 -184 176 -266 -777 -34 276 742 592 -637 -755 -183 607 89 -818 -673 -759 138 959 612 894 110 -887 169 -136 285 374 -769 -25 -565 -274 -706 -735 16 722 -910 570 -141 420 969 962 -284 -273 273 999 531 520 -860 -826 -542 365 683 942 -269 -279 409 -470 -528 348
541 750 647 -130 -473 -561 -95 630 710 930 -963 885 798 701 30 -449 795 -373 650 128 -225 806 -333 -238 -533 123 -289 725 -440 548 -784 -109 107 584 -510 899 609 -277 -575 -921 -403 544 620 366 111 764 -683 563 693 -278 -572 31 649 -564 751 -281 -861 -18 157 -688 -250 25 -157 709 -414 200 -649 383 -393 334 121 -193 923 -530 336 41 -726 83 -687 691 -317 162 -627 895 -672 570 -396 404 -397 150 137 -971 -964 509 -763 -969 -187 -954 80 -323 874 -544 439 186 -391 -268 747 -475 234 586 -797 684 921 671 368 805 865 8 -59 -481 836 264 390 249 487 250 -857 -840 777 -172 -922 407 817 -376 571 -314 -593 -11 -329 978 -224 -143 99 675 -346 -546 295 259 530 -438 419 -442 -714 -53 942 158 918 -476 -693 66 -350 -571 639 607 299 -727 -535 -356 167 202 -597 -105 666 697 737 965 655 528 -604 -521 -834 243 832 -905 -265 591 -49 376 -204 866 -413 463 -936 -716 -246 160 -640 -580 73 -818 -769 -877 734 -596 -550 -848 -891 718 164 -164 -467 826 473 -51 429 291 65 195 -218 886 -87 894 818 -41 -972 -305 920 -752 215 -725 -65 -849 573 397 71 -702 352 -135 771 -201 -787 -609 92 -55 -493 -369 151 303 81 -949 634 -321 433 -239 93 518 -477 555 845 13 104 -935 694 422 -432 -728 378 -872 -38 -977 -838 -433 -612 661 853 -181 745 668 -827 988 510 -543 -968 11 -88 980 -306 -570 -183 -646 -673 726 377 -389 574 549 -819 455 508 -780 -754 74 -122 -719 113 -74 700 538 -781 621 -938 -655 -325 306 -206 -106 940 -434 932 298 -907 413 614 -138 -890 103 -862 329 739 -319 532 -919 -730 479 -497 -327 476 -430 -577 -980 -428 -793 -85 -729 -48 521 -854 -445 -437 -126 -382 -408 411 679 733 524 -541 810 -89 -897 218 149 -182 -177 -372 -856 -492 110 -273 434 -100 -456 -772 -23 623 -168 962 -744 -559 -419 -999 852 -626 -525 686 531 -227 704 -14 94 225 884 416 -495 -966 -185 -420 860 57 56 -471 -685 540 252 -659 -295 363 -984 91 702 -870 -156 656 -190 667 146 -70 257 -662 -745 77 -732 239 95 781 -887 -313 -950 -208 163 719 470 -665 -387 203 -924 -417 331 328 410 871 -553 -355 -274 -257 23 -914 -806 37 843 -272 -213 -231 742 670 -470 62 279 -692 16 -602 501 -56 -865 -322 389 100 -125 -28 547 -718 142 446 -127 -269 880 266 -202 -792 -785 248 -58 -666 658 690 -254 235 -912 -502 -993 210 -174 618 85 773 -548 879 45 -365 683
-366 -154 -996 962 785 -271 878 168 -527 642 -559 -311 475 -566 -917 964 468 -297 550 953 -478 -990 209 497 321 781 -749 -161 638 683 -832 -396 -849 -334 -38 -537 -851 356 -872 981 -476 -363 456 -198 -929 -245 991 -840 -680 -455 -4 -22 483 439 -379 570 946 416 433 -197 805 -957 -925 -571 75 -32 -406 621 -28 233 516 -963 763 635 -323 -321 -562 -947 -314 -762 310 -386 395 -292 646 476 462 -949 787 -897 535 -410 -515 -181 -317 -53 -552 -548 -265 855 -724 -252 -23 904 -241 231 -906 -532 815 749 -582 467 79 -993 983 86 521 -817 -819 -625 -857 -705 -678 149 88 -106 -783 547 -86 -594 326 778 161 -407 -834 314 928 -282 665 486 -49 -976 881 295 -728 960 -356 507 -941 -355 883 -130 -584 -239 331 -512 282 614 -751 80 -873 517 861 956 338 691 55 364 341 975 485 520 -578 867 -921 750 -556 -813 622 187 -77 606 773 -823 651 -661 862 649 354 183 -310 534 797 84 373 677 217 866 -339 814 45 -807 996 196 -103 -630 -35 -438 -500 -224 -780 470 -132 602 836 726 283 367 -958 179 -535 688 -657 -717 -898 -670 -513 431 713 -24 43 -162 611 254 986 199 -908 -306 303 69 -462 808 20 624 449 993 -938 -193 752 -399 -881 -341 -509 707 278 988 931 656 -389 852 -112 -331 -944 -723 585 -91 625 415 -716 913 673 -6 -784 -289 -727 586 644 848 734 -679 957 -324 -348 -874 925 -635 -974 939 409 -373 60 -750 682 -660 835 -649 -102 353 286 127 -361 657 -170 297 571 -482 735 457 989 -652 947 840 545 753 -517 -302 -953 -519 -741 -487 937 253 -240 150 -50 -699 -127 30 44 -486 -36 959 432 -740 641 487 -481 -461 -563 -889 164 223 -641 -603 659 261 -446 -757 -591 533 257 -94 230 194 -503 361 -123 236 976 258 270 720 -51 -451 -138 524 -479 901 942 541 -464 -343 290 920 189 530 -388 -109 478 -268 118 -93 -474 -263 879 -983 -428 -429 -644 693 645 511 -267 -40 -100 -280 966 493 -178 -967 513 -166 -308 -800 703 463 -811 725 227 950 93 640 868 484 3 -623 -71 -416 -640 -956 658 676 -815 -10 998 528 -755 -787 -120 -167 -338 -213 593 775 -721 -934 152 384 -770 911 393 -775 -288 -159 273 229 -579 -613 293 266 -601 -972 131 -607 181 796 -743 -694 208 -353 390 -318 418 -445 33 -692 -375 -99 744 318 188 -758 -718 250 -745 322 965 -242 61 830 -359 414 -377 -60 107 119 769 169 940 -981 -160 11 178 -183 251 747 -791 -246 620 631
-340 2 651 826 -743 -455 -720 146 609 -880 -555 812 -521 486 573 -157 277 526 787 58 -774 744 -428 973 936 -801 -522 908 -106 265 326 -205 251 603 974 166 -241 457 720 -260 -173 434 68 881 -661 -868 -1 -65 90 -592 -956 186 275 -25 -915 -470 167 978 -675 540 -21 352 243 638 785 550 -963 -14 482 -505 -903 -984 -600 -171 -130 188 66 -39 -849 858 -34 -274 625 -650 -196 -483 -163 54 -266 67 116 -8 121 -842 171 139 -289 -643 80 177 -708 825 -821 449 -992 23 768 56 643 62 786 985 -103 -167 684 804 949 852 682 616 -42 759 559 -272 -634 -458 244 -54 -533 -235 -245 -388 -87 371 10 131 -706 -862 120 -192 412 174 -435 193 -646 958 553 496 323 -812 790 642 -267 258 -319 -2 -211 -775 262 558 -925 -367 -665 -565 269 469 605 210 -542 527 -451 13 821 -889 -623 378 297 677 868 735 792 137 980 886 -24 468 173 -183 791 -244 -504 -773 566 598 292 857 133 -714 606 -126 -612 -826 215 701 -104 -398 -426 705 -52 -164 -403 389 -439 155 709 569 -976 -417 -437 -746 33 -838 362 -433 543 -313 -611 -551 728 -500 57 410 -480 -922 98 -620 -176 -654 478 607 -713 -728 615 135 743 652 -158 203 777 -557 106 226 -213 895 -527 -487 -705 300 592 208 513 -797 570 -776 -132 739 -15 -218 -463 -677 -328 322 -452 -750 312 905 802 192 302 -816 966 -727 -872 582 -168 -3 -811 -837 11 417 -143 -676 587 571 -208 -198 386 -404 -107 -653 530 -584 874 474 -718 -301 -216 662 29 -425 549 -741 930 694 602 351 -300 -769 103 -469 -79 -346 124 925 -427 999 -261 661 -7 604 48 159 -987 -596 729 956 842 975 971 -762 967 464 127 -534 -964 142 697 272 -959 707 -523 -299 -182 -726 170 -58 -617 -879 -835 191 224 926 646 979 -78 639 -222 -919 -965 -344 912 675 -275 -364 -587 921 -431 178 952 -918 -382 -993 -359 -465 923 -853 -807 767 -973 -35 74 -560 -753 32 -570 -581 -583 875 -851 -48 -877 -32 -380 364 581 -882 -717 -81 -215 -131 863 -51 938 -265 -280 205 535 -73 -700 -117 710 -188 972 -89 495 510 -371 -343 20 -325 915 -509 984 -698 714 -43 -28 -492 -876 778 907 783 267 -406 -702 519 -669 -540 917 9 -227 -322 976 -873 254 -125 -409 -759 -423 964 621 817 676 583 -799 199 -528 913 -641 -133 -691 -377 -502 -995 -347 539 -225 965 -191 -846 401 420 544 -84 755 101 264 -457 1 736 -1000 672 405 -772 -350 666 830 61 -739 -595
182 470 -901 -24 -209 -939 -261 261 -996 -4 608 511 -834 -625 -767 -804 -671 -915 -958 755 624 -580 -708 654 -75 349 9 613 319 -68 -227 -714 -331 451 -546 -262 894 -449 -830 -54 -661 793 406 4 840 -230 709 -519 -216 79 26 579 -495 -646 -37 -849 -5 -729 -692 571 604 270 154 -19 134 -609 -711 80 678 -575 -694 69 -932 -375 -610 346 -357 166 798 263 -281 723 203 835 941 101 -319 -640 943 885 -486 -172 100 806 706 -903 322 -558 200 -595 -922 -474 686 27 866 433 -672 -615 983 633 724 739 -972 878 760 -335 -358 260 96 -406 -439 329 -268 -460 874 -301 -975 -603 528 209 -601 779 888 -528 718 621 135 -569 330 939 -493 603 -665 -321 371 103 -504 -796 -360 496 272 -998 744 -243 -419 891 98 409 -203 -846 176 -529 -429 544 711 838 -884 936 -377 -924 373 421 701 8 -232 -299 -735 -184 239 768 -731 -651 -255 465 357 145 538 -463 -556 3 618 -768 198 339 106 904 -605 126 186 -126 821 -578 444 280 897 192 -710 -337 -254 -182 630 184 -933 666 155 581 -295 -784 -130 281 -776 -90 938 671 495 -506 -980 -848 819 24 -488 92 -530 -185 307 656 -7 47 437 -62 207 -95 -887 679 -941 -511 162 -269 -356 -364 644 -485 -766 464 489 -800 -73 52 -242 -468 737 -63 -533 -462 87 803 752 -9 898 637 509 248 -235 -764 -549 -685 -236 -166 442 -739 -926 -594 -472 -213 -577 -343 -822 -458 -69 -600 -10 -999 726 976 318 910 450 -904 40 294 325 533 636 690 -283 -91 305 363 42 -180 233 -761 453 -193 858 37 -987 78 343 -145 -593 385 -187 -845 -109 -589 -292 558 323 321 887 -311 -617 283 -803 250 -148 -340 -536 -380 557 416 -212 -307 -955 -305 -464 -245 108 735 807 -634 513 -720 303 -30 -51 -516 -873 -313 452 -656 -886 435 623 -443 486 -868 -58 231 537 -154 -622 -734 13 -655 -874 883 -361 82 -525 291 -699 -117 -606 -681 -315 -409 708 85 634 -583 -956 -444 870 823 370 217 975 -318 924 791 -48 -500 778 400 937 -162 -146 -554 546 -481 952 -647 477 -34 -306 -101 -628 279 -778 252 -475 950 584 212 797 990 -76 334 218 232 -551 942 -844 -373 -46 -700 -353 -944 886 -515 265 -547 308 772 -983 -100 -842 -772 376 118 -741 213 609 776 48 907 -41 -155 -88 -471 -381 397 756 -124 -61 -629 -963 -385 -56 -473 -31 -841 502 -818 -391 -667 638 262 702 832 -59 683 133 399 348 -123 -810 19 436 -427 14 -362 -763 299 271 684 764 210
-812 162 256 649 520 526 -738 -366 -925 -464 -187 425 840 22 -207 708 -14 195 996 -38 965 -271 590 -775 -411 -929 131 648 900 -247 -679 -365 457 979 111 782 485 359 -219 243 -397 -553 64 -521 -489 -375 -325 -603 -958 414 400 6 -610 921 374 781 -196 541 -435 -333 -707 -175 489 135 234 -398 347 326 -655 -853 149 -450 -796 52 529 790 870 -845 -615 -584 -395 59 -552 -380 -840 -109 -130 -189 775 328 -581 983 -689 866 726 -920 192 380 949 910 560 799 11 148 724 65 -673 -226 820 278 -960 -1000 -55 -733 -719 -788 -470 694 -11 645 -847 208 -768 -100 795 87 619 315 833 817 801 -486 818 565 245 -507 -359 -966 165 5 -773 114 -543 474 107 220 580 147 0 -754 -556 669 -240 32 794 -919 778 582 835 867 214 295 570 685 -308 923 277 -931 -572 -700 950 -498 67 -293 -778 888 -497 79 784 -952 -798 68 4 -264 184 -108 -790 -282 -753 337 206 378 805 -551 -800 -442 -280 -427 260 280 596 -844 464 -115 -624 527 -463 -160 433 177 599 -548 -153 297 -119 883 -690 308 -967 -975 659 -135 -149 231 45 -266 -809 595 -165 838 -270 -638 934 558 -991 137 -651 -324 496 26 -725 653 -606 576 478 368 248 294 897 133 -875 670 887 386 -885 -237 -776 -241 -927 -803 225 -640 671 -525 -567 285 132 -985 50 583 905 -155 665 -62 -701 -514 -905 90 564 -4 -743 -322 789 -7 -817 -671 29 562 -60 -636 106 -627 -642 -703 109 490 -118 729 -652 -443 344 791 362 -766 977 36 -344 8 750 -787 756 254 -742 -401 -409 572 181 360 158 808 859 939 920 779 -941 -35 -27 -739 -488 -45 238 -379 69 -184 689 -687 -540 349 55 -528 286 -480 -421 25 973 463 608 660 -253 224 -417 -361 714 420 534 651 -648 251 -978 -263 429 849 -911 -522 103 -717 629 21 -663 30 9 -58 -116 -565 749 309 -957 -538 -616 -727 -819 -129 136 -799 -107 329 -28 830 -461 409 -779 690 -159 -976 -915 10 -170 -724 642 -246 475 356 -318 -362 470 -935 -492 -468 -93 -298 643 854 -399 -634 944 388 -171 513 -621 -8 -898 597 -68 -848 -403 169 -704 -329 918 -79 12 -723 -946 -199 695 -954 -643 354 305 -972 516 203 762 -579 334 700 868 734 -369 404 -815 -178 70 502 528 -356 673 719 -258 452 -92 -423 60 74 -348 -22 -544 539 -825 626 -772 316 371 537 428 427 748 -749 680 -320 -664 646 268 -382 -25 -342 676 -944 255 -751 -340 896 -374 -518 454 -144 -828 213 -633 118
-337 665 17 189 -730 -892 -577 772 65 389 782 -862 -334 -202 -672 -755 734 -556 10 -545 -987 -789 -877 891 648 -122 -469 -580 -966 -915 107 -436 -720 250 -194 637 746 -570 -667 459 428 50 586 925 943 -744 -896 765 -327 -150 75 -80 986 -111 -694 -612 715 783 -95 -126 -174 -25 219 137 -26 834 -364 -258 -978 -11 -442 287 421 550 372 517 296 -955 -529 737 -991 375 411 46 691 759 -722 -205 -879 -627 720 -101 -704 -998 636 708 -859 31 928 -59 -646 -254 -2 275 -715 493 822 -29 414 297 660 -62 -852 314 873 -602 -945 -674 927 253 -690 541 -64 214 244 -432 -885 916 -192 844 -262 -416 956 -31 112 583 -53 157 885 814 878 -571 340 -402 599 -453 -890 -427 -913 -578 377 608 240 552 -642 -243 935 894 -128 949 -834 629 401 -305 758 -702 856 -716 -680 849 -210 432 -471 -990 717 364 267 702 -809 -606 207 -114 568 -714 -558 -166 529 528 457 861 -79 326 -958 510 -119 416 154 -820 111 701 -365 426 -631 -573 -697 -591 -888 -804 423 -132 -581 -148 -924 -903 -458 40 -738 603 644 229 254 -689 -278 682 761 -969 -362 48 224 317 -169 316 310 -141 722 -874 503 117 -511 951 -492 -647 -47 515 897 -530 -607 471 514 130 643 687 -988 -975 -195 -218 780 -731 486 -821 -261 933 827 -279 -356 380 -251 -669 490 -404 16 -244 -489 -831 266 -554 -420 148 -807 645 -399 -812 425 -956 -468 -15 424 -510 -792 959 20 678 601 -71 972 173 19 113 -371 -444 145 -617 164 374 1 565 815 -220 -393 495 967 -412 864 667 -109 -357 -598 472 -759 767 11 -482 787 -882 -4 361 383 564 721 -585 619 97 755 597 478 492 -752 -350 -684 15 475 125 203 249 312 -952 -433 -623 -370 -961 438 -92 301 693 -446 277 -810 -973 813 -208 800 -845 71 365 -992 -713 -431 592 -223 -658 946 649 -204 334 757 80 318 -641 -701 92 -724 -455 -72 47 -908 750 -868 -315 -366 -434 -73 3 155 437 576 462 539 -424 820 -381 -23 -495 -435 -531 -929 -6 -971 -118 -746 840 697 341 961 223 656 -941 -177 -917 245 98 728 795 -774 -282 531 43 527 -527 -989 770 640 -656 483 -94 -997 -603 -938 -240 238 213 -374 -344 562 -104 -20 -756 408 -479 -676 482 26 711 573 93 -233 -239 -596 -85 442 45 -115 -977 -98 832 300 -846 -768 -275 612 114 -777 536 604 -91 405 367 196 -735 176 -44 900 577 138 526 -27 24 68 218 260 762 -563 725 652 162 95 453 598 -568 346 -959
[RUN #6 400 100]
-699 -596 -790 -152 220 984 600 -599 -741 933 -885 148 253 74 -516 -818 -870 -956 23 916 606 -39 -2 56 775 174 16 613 677 -914 -607 -195 -163 331 -338 -791 -370 -551 -487 399 -908 124 -153 123 556 -73 636 -82 -193 375 -988 254 11 179 486 304 -820 667 249 -362 408 963 -575 -965 669 -432 867 920 -239 -796 68 -349 -303 748 -554 731 -252 -614 907 -533 -249 -616 624 569 -792 207 -241 562 434 752 -701 670 542 -65 -928 -724 616 -883 -197 -850 378 349 -84 -203 -911 722 -321 269 -668 761 547 -135 -63 783 -982 750 679 -677 -43 853 -758 978 -529 -675 -450 697 -817 -937 -842 -723 789 -14 177 -323 -663 856 -687 548 461 -918 86 578 835 -430 -852 -714 -436 -948 -637 131 845 400 518 109 -57 497 423 -837 -649 -534 -476 -940 -191 30 701 -934 -207 432 150 841 25 -390 -88 725 -102 672 146 218 960 397 -640 517 159 -162 480 816 -846 -907 -147 582 130 324 -492 -561 9 888 -989 -190 114 -923 -926 -681 -735 736 -730 -364 365 437 -644 -415 -366 -680 514 985 -929 -206 -899 912 -1000 961 977 251 454 584 726 -393 893 -848 -502 410 -272 -175 -593 401 -478 5 768 -755 422 -46 -265 -394 -250 -783 983 -148 842 708 -594 313 -966 682 925 896 -282 479 339 -737 289 280 -461 307 96 572 333 263 -696 902 503 784 918 651 299 561 -743 440 386 -449 -341 588 -669 -501 -389 -356 -441 442 19 -67 -658 851 321 -577 -108 541 770 3 -992 559 206 105 -454 72 -465 -823 -379 -215 455 -285 -202 -822 -782 -887 817 -257 -716 571 -875 -41 -630 -363 -775 718 -275 -571 -957 825 278 662 -725 481 231 982 403 476 -679 854 -814 117 -977 -537 -293 -925 44 846 814 975 -922 282 -453 -547 166 -258 942 -291 806 94 614 -879 812 -565 -388 -876 -582 -493 275 -967 264 388 -157 -83 -401 97 -254 717 -954 -70 323 167 487 237 -227 -799 -74 -718 381 570 205 -411 -562 -259 -816 305 -319 586 -110 -729 -811 728 -767 532
-555 354 -222 276 -734 480 -162 394 -826 -787 273 33 -151 -505 -620 -466 -574 904 -88 -150 -599 -763 337 -361 540 436 -355 -398 676 -299 294 -347 -271 969 834 756 799 708 659 -423 143 -54 -279 818 171 -17 -908 866 429 544 -791 744 950 -174 605 -109 591 -126 187 -377 -976 141 982 520 692 906 581 -747 -388 149 -491 879 -587 523 -873 686 587 281 -64 261 702 -396 -310 222 406 672 -278 764 -875 -926 186 -332 -433 984 -872 -635 355 229 -945 -71 883 858 731 736 82 673 -546 -817 603 118 710 193 19 334 577 95 -356 939 485 -500 -200 -566 -438 -928 -486 -232 598 660 -607 -28 -223 495 -618 772 395 366 -85 -725 -894 636 734 165 668 -302 857 848 752 -143 220 -415 -258 -997 -558 363 -610 494 368 427 921 -353 770 45 360 852 275 -859 156 433 617 -281 -335 -157 -784 -34 845 759 698 641 44 -777 -698 -128 299 -793 -77 590 206 199 902 -916 830 242 37 -612 -436 -869 -772 602 -814 941 -808 634 -426 -663 496 353 -247 -87 538 -810 470 782 -983 -89 946 601 816 393 653 -389 -741 161 -308 -379 292 688 92 954 -963 88 639 -106 -991 -348 -445 740 382 232 -267 397 81 -204 -73 -195 -235 412 302 -251 -958 442 -982 -189 189 -10 -662 96 678 -260 391 -854 -966 645 -182 -225 -392 -160 995 694 646 697 815 -720 -86 952 -522 719 487 690 635 298 -261 -921 -331 -215 675 -615 685 914 892 791 211 428 -315 707 -328 9 -877 -201 -527 369 -686 417 319 612 534 249 -715 -866 127 -359 438 -779 380 39 846 -131 -909 -915 108 794 -23 547 -461 886 396 183 -804 -623 924 -713 -789 -286 -552 -562 -147 776 -853 -836 460 -83 880 680 903 825 838 -61 -936 -937 270 -542 -248 965 -802 894 457 644 881 670 -815 -754 -533 449 771 236 -97 822 -22 367 766 381 957 -265 -480 254 515 817 304 -658 -305 246 -609 626 844 240 993 -561 268 -322 -293 -459 -751 -300 550 -76 -450 279 301 -515 -797 -794
133 -623 233 934 637 -7 -451 801 -561 -512 84 424 -850 -112 573 79 -38 219 -216 -5 301 165 49 -920 -59 90 752 -138 38 74 -509 687 947 -2 -909 -413 -616 -281 -225 566 62 -254 -184 472 -609 946 -762 719 922 123 862 46 -204 831 236 -313 466 -88 -998 -622 132 860 -462 964 220 -234 726 -154 -597 226 991 -319 639 -531 212 -739 -128 667 -894 623 340 -100 -444 -21 -999 350 -295 813 -487 705 -360 -526 798 -786 619 -842 -246 316 -752 209 -823 913 785 -605 676 921 -988 23 580 100 -252 -717 463 328 -39 746 376 -996 -901 -918 99 652 -304 110 361 -269 -675 -106 -668 -366 241 532 -709 -465 557 -873 513 184 -657 51 615 464 -845 -107 213 -391 -140 159 -58 -543 -309 13 879 -371 -410 662 -463 633 -652 -917 -563 704 -615 592 -556 -455 -869 -66 -624 244 -375 -479 -755 970 555 -70 -650 951 -524 -991 -121 -17 -945 -123 388 381 -170 -137 877 -42 180 588 -248 -760 -507 928 772 -706 -302 64 -695 -72 -368 151 -579 960 -738 -592 406 693 -848 846 202 966 530 29 816 -696 -218 -536 -12 519 783 -250 -294 -379 -211 -48 -401 -911 370 118 -98 645 853 44 692 -630 -891 -576 -253 107 728 979 240 644 -590 -710 140 408 446 -115 -139 505 -85 168 83 -133 -987 11 228 285 -906 -29 -617 -821 727 195 836 870 -278 -501 -470 600 -227 258 205 -477 -824 923 -594 445 311 -785 -558 480 101 -627 189 -803 214 320 387 15 -101 -934 524 -646 -553 -145 -985 -569 -956 -45 -83 199 181 562 -308 -656 -229 157 59 -813 377 -47 -496 -178 898 -65 294 35 -426 731 873 -183 -335 987 452 805 638 170 194 -976 484 -602 267 653 -449 -75 750 554 -398 448 -33 896 -400 781 786 103 261 -681 230 666 767 -953 920 158 -664 -219 423 -381 -877 995 -99 -528 -53 -756 -768 68 764 442 -568 842 -247 -486 438 -888 954 12 437 147 -818 -103 126 -939 713 -303 -71 -712 -733 25 -230 -24 830 634 -902 -922 609 -306
-76 951 -348 -791 -781 547 -493 112 -187 546 768 -793 -521 -777 -672 -759 786 628 383 -357 -316 21 223 934 888 -111 268 -137 -554 94 840 151 -705 -394 -601 182 -530 978 936 -29 -392 -92 -455 -112 -163 825 -25 180 -257 830 139 -199 879 192 217 753 121 181 -944 159 227 864 -169 -642 -179 878 -899 -855 -279 353 -350 -256 -342 216 358 -11 611 134 -401 -21 391 -755 -981 738 -201 -951 144 -592 74 410 781 -980 297 -184 529 79 -402 808 255 115 882 -628 800 844 509 -204 284 940 -237 702 -869 -819 619 -976 -688 923 -188 715 703 289 390 -1 -271 -537 -663 714 457 -190 -669 538 558 64 740 -238 214 417 -323 -139 744 -290 489 -289 -590 -206 646 -595 238 -538 406 579 -124 27 967 -812 524 520 300 -253 533 -192 -573 455 389 -487 -67 67 595 -744 -283 -698 105 -583 474 626 -310 759 -366 588 287 -622 136 -915 -798 807 -638 -689 -582 750 -419 -27 -359 228 -616 -544 433 247 -68 -708 333 426 -896 -813 306 507 -726 -155 -788 -968 -452 -132 -277 -599 -660 -971 994 109 -918 881 50 848 -967 -397 -953 -240 54 894 208 -43 858 48 780 -933 78 445 140 988 315 -482 -465 -269 991 -114 373 -717 435 526 135 -299 -170 603 812 378 -712 -275 366 -313 131 514 -135 39 -707 -867 -309 541 -702 -456 185 142 294 341 -767 756 990 -873 -358 739 -195 327 -640 -209 -549 381 -826 -815 386 562 -341 885 -903 313 -326 -522 914 334 -226 915 962 -648 -738 46 597 -59 97 -942 770 484 31 721 428 559 -720 896 -714 669 138 423 465 -848 637 -754 -306 80 853 519 -661 -878 -556 93 720 -123 508 241 -952 26 -58 68 -325 -285 285 -406 959 312 640 -808 -978 335 146 -408 -610 248 932 -134 -441 859 -252 -567 472 -639 935 664 823 986 -883 -101 891 -30 704 59 402 -779 -478 477 -856 -860 -265 459 -535 -865 191 -932 288 655 899 -884 -320 -386 116 950 -235 711 344 566 -671 -838 -39 901 758 -437 -742 -32
[RUN #7 200 100]
-645 -899 -752 41 69 -979 -114 -339 22 -2 -909 -177 336 -563 58 -285 -182 -733 721 564 986 708 -127 110 504 -549 -615 -10 210 -688 -166 434 313 -510 333 -946 -440 724 -572 798 681 -74 737 887 -124 645 327 -669 -666 -14 -267 -493 -347 936 -311 -745 -225 -761 -273 -875 -817 -376 -708 248 141 473 -467 -941 -718 -706 -901 -521 -337 -950 586 484 309 -362 -299 -480 615 -591 -317 652 197 -111 -374 200 -437 449 838 -78 62 668 -916 -13 219 -612 56 -697 -804 710 -867 -736 -229 944 259 297 -845 16 -868 766 -749 488 -902 -54 -914 -485 395 -253 -649 112 410 871 -604 -172 -348 -398 174 -652 613 308 733 704 -200 824 -995 -972 -204 369 -755 -681 973 -750 755 -141 -984 829 -340 -472 -821 823 932 -429 518 439 87 -643 -369 -873 -497 -31 199 813 -92 -365 -62 295 117 -975 365 -644 911 -244 -775 -989 -533 -189 757 510 -943 902 107 168 -105 515 27 980 -388 788 -351 527 -131 242 557 905 59 -502 839 -371
189 18 305 93 -73 937 -319 492 541 890 941 -919 214 -922 -298 -620 627 -821 -560 -908 987 877 114 -802 592 20 -695 982 -366 15 -275 881 -587 -367 711 160 655 22 -400 943 -787 -218 706 -729 153 391 -633 -736 -172 -547 -984 -84 -37 735 -450 900 570 -343 -623 642 -127 -864 -197 996 86 177 -461 -956 552 292 -625 898 480 256 346 522 124 686 932 -237 460 609 628 -288 631 551 929 -939 651 -416 -532 -977 -793 -204 -17 -921 -316 -608 -19 -541 481 512 -291 27 -747 384 972 924 -70 864 -58 127 -987 213 -698 134 -685 -246 -649 -171 -884 980 -134 624 914 965 566 -113 -554 650 -178 -402 399 625 325 -551 -469 -659 -553 274 803 -748 -883 -62 506 -448 -420 65 949 -474 359 -954 -739 -330 -785 -855 -33 989 818 337 174 664 -665 776 376 222 780 -199 -477 207 310 -130 278 448 -390 307 340 741 737 -868 232 -488 -64 828 984 638 216 -168 983 -803 -123 373 -930 749 -674 830 -948 -901 705 -370
-319 -36 547 -915 -616 272 658 283 -181 443 -790 -605 349 -759 -916 -854 539 -117 791 892 406 -482 -542 -554 530 -293 136 -307 830 839 -533 309 84 709 178 -840 931 903 660 -225 -512 710 -931 524 874 403 -448 -563 238 -715 827 -613 -882 920 -544 -665 -390 -713 990 133 661 -884 561 518 275 871 313 715 615 535 756 678 846 377 -92 108 -722 244 -566 -120 6 -329 667 211 599 -443 -4 38 -73 932 629 -246 -184 -385 -681 979 747 107 -245 978 -346 173 -107 -771 260 981 618 -518 445 966 964 -389 -912 537 907 985 -230 -172 -199 -880 9 651 149 946 733 575 462 -684 171 902 -387 796 -238 434 130 -247 427 94 -856 385 -211 249 215 963 418 809 450 -905 -495 -146 -263 -596 755 -317 341 277 -933 -532 372 -410 -183 -718 940 109 -266 46 -289 858 289 719 -936 943 812 992 203 816 24 285 512 986 493 633 -488 738 519 -788 306 381 -618 183 365 -868 468 -835 877 436 150 -555 181 -84
-329 861 560 -660 824 43 -493 -557 -832 602 573 -452 -947 428 835 658 -482 -704 998 -271 -240 909 249 340 -274 -432 -644 222 -496 -354 301 -341 -437 427 -327 -576 893 -183 -897 71 -856 -969 97 744 -257 -596 26 -140 -789 -799 941 -964 -591 795 -265 -782 969 773 829 39 11 -726 -913 -923 147 510 741 347 122 -70 -559 -75 -934 -925 -254 -828 -228 590 130 273 -249 -663 -138 537 -193 124 -684 642 -215 324 -724 -653 -418 581 952 -668 777 -398 -612 -631 178 -785 -903 -896 -645 -783 333 -461 -43 269 -922 138 -735 156 -365 451 -981 648 397 -498 194 290 523 -548 753 17 775 57 -405 762 999 177 -306 188 -533 -956 517 -20 9 59 699 918 818 80 -108 635 307 -289 187 -911 -312 -353 -413 -252 827 -957 -977 -22 -457 149 -162 -728 -851 717 429 -416 -439 172 -244 -462 -985 -132 949 533 413 -135 395 -442 -204 -275 393 496 686 -811 -736 -767 -651 -836 -578 -703 919 494 -366 -103 -4 285 -600 -868 -349 -500
356 -904 600 762 265 238 -345 -756 -985 -788 -523 485 470 -87 -225 -54 138 793 -153 284 -443 -154 -615 -786 640 468 -413 -420 -511 54 832 381 583 -452 306 615 431 982 926 -965 -690 0 -491 254 515 784 477 -556 -100 715 -372 -371 -735 -70 808 -998 -562 952 -415 509 645 826 89 -178 -700 -137 251 919 -568 446 -872 250 -548 693 30 -52 573 -540 50 -139 -888 -610 872 492 -826 443 52 -257 742 -790 -308 -655 -914 -263 320 516 -796 -961 817 -312 170 -326 -894 302 161 437 -911 -809 -574 -264 -108 245 7 -75 756 -625 -311 402 -193 -205 448 970 -967 -640 -23 -12 -605 -660 -31 591 690 -804 355 -363 193 543 202 750 -316 939 -102 999 -759 47 103 486 -833 -143 687 249 -456 116 240 -959 267 361 2 167 32 -339 -272 -861 -229 609 966 16 236 -814 -596 -950 635 -464 778 -14 -957 -938 246 495 -939 -706 269 945 351 -409 107 171 870 -622 716 -745 -958 -390 658 738 659 -650 -996 416 797 -451
